2025-10-02 16:03:16 INFO  uz.brb.grafana.GrafanaApplication - Starting GrafanaApplication using Java 21.0.7 with PID 3684 (C:\Abbos\BRB\Grafana\target\classes started by norin in C:\Abbos\BRB\Grafana)
2025-10-02 16:03:16 INFO  uz.brb.grafana.GrafanaApplication - No active profile set, falling back to 1 default profile: "default"
2025-10-02 16:03:18 INFO  o.s.b.w.e.tomcat.TomcatWebServer - Tomcat initialized with port 4455 (http)
2025-10-02 16:03:18 INFO  o.a.catalina.core.StandardService - Starting service [Tomcat]
2025-10-02 16:03:18 INFO  o.a.catalina.core.StandardEngine - Starting Servlet engine: [Apache Tomcat/10.1.43]
2025-10-02 16:03:18 INFO  o.a.c.c.C.[Tomcat].[localhost].[/] - Initializing Spring embedded WebApplicationContext
2025-10-02 16:03:18 INFO  o.s.b.w.s.c.ServletWebServerApplicationContext - Root WebApplicationContext: initialization completed in 1793 ms
2025-10-02 16:03:19 INFO  o.s.b.a.e.web.EndpointLinksResolver - Exposing 3 endpoints beneath base path '/actuator'
2025-10-02 16:03:19 INFO  o.s.b.w.e.tomcat.TomcatWebServer - Tomcat started on port 4455 (http) with context path '/'
2025-10-02 16:03:19 INFO  uz.brb.grafana.GrafanaApplication - Started GrafanaApplication in 4.245 seconds (process running for 6.091)
2025-10-02 16:03:19 INFO  o.a.c.c.C.[Tomcat].[localhost].[/] - Initializing Spring DispatcherServlet 'dispatcherServlet'
2025-10-02 16:03:19 INFO  o.s.web.servlet.DispatcherServlet - Initializing Servlet 'dispatcherServlet'
2025-10-02 16:03:19 INFO  o.s.web.servlet.DispatcherServlet - Completed initialization in 3 ms
2025-10-02 16:09:36 INFO  uz.brb.grafana.GrafanaApplication - Starting GrafanaApplication using Java 21.0.7 with PID 5192 (C:\Abbos\BRB\Grafana\target\classes started by norin in C:\Abbos\BRB\Grafana)
2025-10-02 16:09:36 INFO  uz.brb.grafana.GrafanaApplication - No active profile set, falling back to 1 default profile: "default"
2025-10-02 16:10:00 INFO  o.s.b.w.e.tomcat.TomcatWebServer - Tomcat initialized with port 4455 (http)
2025-10-02 16:10:00 INFO  o.a.catalina.core.StandardService - Starting service [Tomcat]
2025-10-02 16:10:00 INFO  o.a.catalina.core.StandardEngine - Starting Servlet engine: [Apache Tomcat/10.1.43]
2025-10-02 16:10:01 INFO  o.a.c.c.C.[Tomcat].[localhost].[/] - Initializing Spring embedded WebApplicationContext
2025-10-02 16:10:01 INFO  o.s.b.w.s.c.ServletWebServerApplicationContext - Root WebApplicationContext: initialization completed in 23900 ms
2025-10-02 16:10:15 INFO  o.s.b.a.e.web.EndpointLinksResolver - Exposing 3 endpoints beneath base path '/actuator'
2025-10-02 16:10:17 INFO  o.s.b.w.e.tomcat.TomcatWebServer - Tomcat started on port 4455 (http) with context path '/'
2025-10-02 16:10:17 INFO  uz.brb.grafana.GrafanaApplication - Started GrafanaApplication in 60.935 seconds (process running for 95.929)
2025-10-02 16:10:21 INFO  o.a.c.c.C.[Tomcat].[localhost].[/] - Initializing Spring DispatcherServlet 'dispatcherServlet'
2025-10-02 16:10:21 INFO  o.s.web.servlet.DispatcherServlet - Initializing Servlet 'dispatcherServlet'
2025-10-02 16:10:21 INFO  o.s.web.servlet.DispatcherServlet - Completed initialization in 19 ms
2025-10-02 16:11:55 INFO  o.s.b.w.e.tomcat.GracefulShutdown - Commencing graceful shutdown. Waiting for active requests to complete
2025-10-02 16:11:55 INFO  o.s.b.w.e.tomcat.GracefulShutdown - Graceful shutdown complete
